OpenCvLib/build/intermediates/manifest_merge_blame_file/debug/manifest-merger-blame-debug-report.txt
1<?xml version="1.0" encoding="utf-8"?>
2<manifest xmlns:android="http://schemas.android.com/apk/res/android"
3    package="org.opencv"
4    android:versionCode="4200"
5    android:versionName="4.2.0" >
6
7    <uses-sdk
8        android:minSdkVersion="21"
8-->OpenCvLib\java\AndroidManifest.xml
9        android:targetSdkVersion="26" />
9-->OpenCvLib\java\AndroidManifest.xml
10
11    <uses-permission android:name="android.permission.CAMERA" />
11-->OpenCvLib\java\AndroidManifest.xml:6:5-65
11-->OpenCvLib\java\AndroidManifest.xml:6:22-62
12
13    <uses-feature
13-->OpenCvLib\java\AndroidManifest.xml:8:5-84
14        android:name="android.hardware.camera"
14-->OpenCvLib\java\AndroidManifest.xml:8:19-57
15        android:required="false" />
15-->OpenCvLib\java\AndroidManifest.xml:8:58-82
16    <uses-feature
16-->OpenCvLib\java\AndroidManifest.xml:9:5-94
17        android:name="android.hardware.camera.autofocus"
17-->OpenCvLib\java\AndroidManifest.xml:9:19-67
18        android:required="false" />
18-->OpenCvLib\java\AndroidManifest.xml:9:68-92
19    <uses-feature
19-->OpenCvLib\java\AndroidManifest.xml:10:5-90
20        android:name="android.hardware.camera.front"
20-->OpenCvLib\java\AndroidManifest.xml:10:19-63
21        android:required="false" />
21-->OpenCvLib\java\AndroidManifest.xml:10:64-88
22    <uses-feature
22-->OpenCvLib\java\AndroidManifest.xml:11:5-101
23        android:name="android.hardware.camera.front.autofocus"
23-->OpenCvLib\java\AndroidManifest.xml:11:19-73
24        android:required="false" />
24-->OpenCvLib\java\AndroidManifest.xml:11:75-99
25
26</manifest>